0 info it worked if it ends with ok
1 verbose cli [ '/usr/local/bin/node',
1 verbose cli   '/usr/local/bin/npm',
1 verbose cli   'install',
1 verbose cli   'markdown-to-html',
1 verbose cli   '-g' ]
2 info using npm@2.14.12
3 info using node@v4.2.6
4 verbose install initial load of /usr/local/lib/package.json
5 verbose readDependencies loading dependencies from /usr/local/lib/package.json
6 silly cache add args [ 'markdown-to-html', null ]
7 verbose cache add spec markdown-to-html
8 silly cache add parsed spec Result {
8 silly cache add   raw: 'markdown-to-html',
8 silly cache add   scope: null,
8 silly cache add   name: 'markdown-to-html',
8 silly cache add   rawSpec: '',
8 silly cache add   spec: 'latest',
8 silly cache add   type: 'tag' }
9 silly addNamed markdown-to-html@latest
10 verbose addNamed "latest" is being treated as a dist-tag for markdown-to-html
11 info addNameTag [ 'markdown-to-html', 'latest' ]
12 silly mapToRegistry name markdown-to-html
13 silly mapToRegistry using default registry
14 silly mapToRegistry registry https://registry.npmjs.org/
15 silly mapToRegistry uri https://registry.npmjs.org/markdown-to-html
16 verbose addNameTag registry:https://registry.npmjs.org/markdown-to-html not in flight; fetching
17 verbose request uri https://registry.npmjs.org/markdown-to-html
18 verbose request no auth needed
19 info attempt registry request try #1 at 11:36:49 AM
20 verbose request id 8ce38c92a3fdb895
21 http request GET https://registry.npmjs.org/markdown-to-html
22 http 200 https://registry.npmjs.org/markdown-to-html
23 verbose headers { server: 'CouchDB/1.5.0 (Erlang OTP/R16B03)',
23 verbose headers   etag: '"3XPMFQF4ANC6CGM6AMRDESRKJ"',
23 verbose headers   'content-type': 'application/json',
23 verbose headers   'cache-control': 'max-age=300',
23 verbose headers   'content-length': '24289',
23 verbose headers   'accept-ranges': 'bytes',
23 verbose headers   date: 'Wed, 20 Apr 2016 18:36:46 GMT',
23 verbose headers   via: '1.1 varnish',
23 verbose headers   age: '0',
23 verbose headers   connection: 'keep-alive',
23 verbose headers   'x-served-by': 'cache-dfw1828-DFW',
23 verbose headers   'x-cache': 'MISS',
23 verbose headers   'x-cache-hits': '0',
23 verbose headers   'x-timer': 'S1461177406.590814,VS0,VE95',
23 verbose headers   vary: 'Accept-Encoding' }
24 silly get cb [ 200,
24 silly get   { server: 'CouchDB/1.5.0 (Erlang OTP/R16B03)',
24 silly get     etag: '"3XPMFQF4ANC6CGM6AMRDESRKJ"',
24 silly get     'content-type': 'application/json',
24 silly get     'cache-control': 'max-age=300',
24 silly get     'content-length': '24289',
24 silly get     'accept-ranges': 'bytes',
24 silly get     date: 'Wed, 20 Apr 2016 18:36:46 GMT',
24 silly get     via: '1.1 varnish',
24 silly get     age: '0',
24 silly get     connection: 'keep-alive',
24 silly get     'x-served-by': 'cache-dfw1828-DFW',
24 silly get     'x-cache': 'MISS',
24 silly get     'x-cache-hits': '0',
24 silly get     'x-timer': 'S1461177406.590814,VS0,VE95',
24 silly get     vary: 'Accept-Encoding' } ]
25 verbose get saving markdown-to-html to /Users/winniengo/.npm/registry.npmjs.org/markdown-to-html/.cache.json
26 silly addNameTag next cb for markdown-to-html with tag latest
27 silly addNamed markdown-to-html@0.0.11
28 verbose addNamed "0.0.11" is a plain semver version for markdown-to-html
29 silly mapToRegistry name markdown-to-html
30 silly mapToRegistry using default registry
31 silly mapToRegistry registry https://registry.npmjs.org/
32 silly mapToRegistry uri https://registry.npmjs.org/markdown-to-html
33 verbose addRemoteTarball https://registry.npmjs.org/markdown-to-html/-/markdown-to-html-0.0.11.tgz not in flight; adding
34 verbose addRemoteTarball [ 'https://registry.npmjs.org/markdown-to-html/-/markdown-to-html-0.0.11.tgz',
34 verbose addRemoteTarball   '0f6945ba711444c1aebdee0b47c50b657ddd3e83' ]
35 info retry fetch attempt 1 at 11:36:50 AM
36 info attempt registry request try #1 at 11:36:50 AM
37 http fetch GET https://registry.npmjs.org/markdown-to-html/-/markdown-to-html-0.0.11.tgz
38 http fetch 200 https://registry.npmjs.org/markdown-to-html/-/markdown-to-html-0.0.11.tgz
39 silly fetchAndShaCheck shasum 0f6945ba711444c1aebdee0b47c50b657ddd3e83
40 verbose addTmpTarball /var/folders/w3/1hx8gltn23n2bd9nvsq8g9ph0000gp/T/npm-48018-c3400eb1/registry.npmjs.org/markdown-to-html/-/markdown-to-html-0.0.11.tgz not in flight; adding
41 verbose addTmpTarball already have metadata; skipping unpack for markdown-to-html@0.0.11
42 silly cache afterAdd markdown-to-html@0.0.11
43 verbose afterAdd /Users/winniengo/.npm/markdown-to-html/0.0.11/package/package.json not in flight; writing
44 verbose afterAdd /Users/winniengo/.npm/markdown-to-html/0.0.11/package/package.json written
45 silly install resolved [ { name: 'markdown-to-html',
45 silly install resolved     version: '0.0.11',
45 silly install resolved     description: 'Converts markdown text to HTML. A readable stream plus utilities and web demo.',
45 silly install resolved     main: 'markdown.js',
45 silly install resolved     bin:
45 silly install resolved      { markdown: './bin/markdown',
45 silly install resolved        markdownb: './bin/markdownb',
45 silly install resolved        'github-markdown': './bin/github-markdown',
45 silly install resolved        'github-markdownb': './bin/github-markdownb' },
45 silly install resolved     preferGlobal: true,
45 silly install resolved     scripts:
45 silly install resolved      { test: 'bash script/test',
45 silly install resolved        clean: 'bash script/clean',
45 silly install resolved        start: 'bash script/web-demo' },
45 silly install resolved     repository:
45 silly install resolved      { type: 'git',
45 silly install resolved        url: 'git://github.com/cwjohan/markdown-to-html' },
45 silly install resolved     keywords:
45 silly install resolved      [ 'markdown',
45 silly install resolved        'markdown-to-html',
45 silly install resolved        'html',
45 silly install resolved        'render',
45 silly install resolved        'convert',
45 silly install resolved        'stream',
45 silly install resolved        'pipe' ],
45 silly install resolved     author: { name: 'Craig Johannsen' },
45 silly install resolved     license: 'MIT',
45 silly install resolved     bugs: { url: 'https://github.com/cwjohan/markdown-to-html/issues' },
45 silly install resolved     homepage: 'https://github.com/cwjohan/markdown-to-html',
45 silly install resolved     dependencies:
45 silly install resolved      { 'gfm-linkify': '^0.1.0',
45 silly install resolved        marked: '^0.3.2',
45 silly install resolved        open: '0.0.5',
45 silly install resolved        'pygmentize-bundled': '^2.2.0',
45 silly install resolved        request: '^2.47.0',
45 silly install resolved        tmp: '0.0.24',
45 silly install resolved        yargs: '^1.3.3' },
45 silly install resolved     directories: { test: 'test' },
45 silly install resolved     devDependencies:
45 silly install resolved      { errorhandler: '1.1.x',
45 silly install resolved        express: '4.6.x',
45 silly install resolved        jade: '1.4.x',
45 silly install resolved        'method-override': '2.1.x',
45 silly install resolved        morgan: '1.5.x',
45 silly install resolved        'serve-favicon': '2.0.x',
45 silly install resolved        stylus: '0.47.x' },
45 silly install resolved     gitHead: 'c80f988d93f974e18ee4bed2b894040007f0a972',
45 silly install resolved     _id: 'markdown-to-html@0.0.11',
45 silly install resolved     _shasum: '0f6945ba711444c1aebdee0b47c50b657ddd3e83',
45 silly install resolved     _from: 'markdown-to-html@latest',
45 silly install resolved     _npmVersion: '1.4.14',
45 silly install resolved     _npmUser: { name: 'cwjohan', email: 'cwjohan@gmail.com' },
45 silly install resolved     maintainers: [ [Object] ],
45 silly install resolved     dist:
45 silly install resolved      { shasum: '0f6945ba711444c1aebdee0b47c50b657ddd3e83',
45 silly install resolved        tarball: 'https://registry.npmjs.org/markdown-to-html/-/markdown-to-html-0.0.11.tgz' },
45 silly install resolved     _resolved: 'https://registry.npmjs.org/markdown-to-html/-/markdown-to-html-0.0.11.tgz' } ]
46 info install markdown-to-html@0.0.11 into /usr/local/lib
47 info installOne markdown-to-html@0.0.11
48 verbose installOne of markdown-to-html to /usr/local/lib not in flight; installing
49 verbose lock using /Users/winniengo/.npm/_locks/markdown-to-html-c61545924f0284e7.lock for /usr/local/lib/node_modules/markdown-to-html
50 silly install write writing markdown-to-html 0.0.11 to /usr/local/lib/node_modules/markdown-to-html
51 verbose unbuild lib/node_modules/markdown-to-html
52 silly gentlyRm /usr/local/lib/node_modules/markdown-to-html is being purged from base /usr/local
53 verbose gentlyRm don't care about contents; nuking /usr/local/lib/node_modules/markdown-to-html
54 verbose tar unpack /Users/winniengo/.npm/markdown-to-html/0.0.11/package.tgz
55 verbose tar unpacking to /usr/local/lib/node_modules/markdown-to-html
56 silly gentlyRm /usr/local/lib/node_modules/markdown-to-html is being purged
57 verbose gentlyRm don't care about contents; nuking /usr/local/lib/node_modules/markdown-to-html
58 silly gunzTarPerm modes [ '755', '644' ]
59 error tar.unpack untar error /Users/winniengo/.npm/markdown-to-html/0.0.11/package.tgz
60 verbose unlock done using /Users/winniengo/.npm/_locks/markdown-to-html-c61545924f0284e7.lock for /usr/local/lib/node_modules/markdown-to-html
61 verbose fstream_path /usr/local/lib/node_modules/markdown-to-html
62 verbose fstream_type Directory
63 verbose fstream_class DirWriter
64 verbose stack Error: EACCES: permission denied, mkdir '/usr/local/lib/node_modules/markdown-to-html'
64 verbose stack     at Error (native)
65 verbose fstream_stack /usr/local/lib/node_modules/npm/node_modules/fstream/lib/dir-writer.js:35:25
65 verbose fstream_stack /usr/local/lib/node_modules/npm/node_modules/mkdirp/index.js:47:53
65 verbose fstream_stack FSReqWrap.oncomplete (fs.js:82:15)
66 verbose cwd /Users/winniengo/AppAcademy/Bootcamp-Prep-Online
67 error Darwin 14.5.0
68 error argv "/usr/local/bin/node" "/usr/local/bin/npm" "install" "markdown-to-html" "-g"
69 error node v4.2.6
70 error npm  v2.14.12
71 error path /usr/local/lib/node_modules/markdown-to-html
72 error code EACCES
73 error errno -13
74 error syscall mkdir
75 error Error: EACCES: permission denied, mkdir '/usr/local/lib/node_modules/markdown-to-html'
75 error     at Error (native)
75 error  { [Error: EACCES: permission denied, mkdir '/usr/local/lib/node_modules/markdown-to-html']
75 error   errno: -13,
75 error   code: 'EACCES',
75 error   syscall: 'mkdir',
75 error   path: '/usr/local/lib/node_modules/markdown-to-html',
75 error   fstream_type: 'Directory',
75 error   fstream_path: '/usr/local/lib/node_modules/markdown-to-html',
75 error   fstream_class: 'DirWriter',
75 error   fstream_stack:
75 error    [ '/usr/local/lib/node_modules/npm/node_modules/fstream/lib/dir-writer.js:35:25',
75 error      '/usr/local/lib/node_modules/npm/node_modules/mkdirp/index.js:47:53',
75 error      'FSReqWrap.oncomplete (fs.js:82:15)' ] }
76 error Please try running this command again as root/Administrator.
77 verbose exit [ -13, true ]
78 verbose unbuild lib/node_modules/markdown-to-html
79 silly gentlyRm /usr/local/lib/node_modules/markdown-to-html is being purged from base /usr/local
80 verbose gentlyRm don't care about contents; nuking /usr/local/lib/node_modules/markdown-to-html
